<?xml version="1.0" encoding="UTF-8"?>
<!-- Generated by org.testng.reporters.JUnitReportReporter -->
<testsuite hostname="ALIYAPARVEEN" failures="0" tests="1" name="testCases.GetTest" time="2.885" errors="0" timestamp="2020-09-21T17:08:43 CDT" skipped="0">
  <testcase classname="testCases.GetTest" name="getMethodTest" time="2.885"/>
  <system-out/>
</testsuite> <!-- testCases.GetTest -->
