<?xml version="1.0" encoding="UTF-8"?>
<!-- Generated by org.testng.reporters.JUnitReportReporter -->
<testsuite hostname="ALIYAPARVEEN" failures="0" tests="5" name="dataDrivenTC.postEmployee" time="6.813" errors="0" timestamp="2020-09-22T10:16:08 CDT" skipped="0">
  <testcase classname="dataDrivenTC.postEmployee" name="postEmployeeMethod" time="5.169"/>
  <system-out/>
  <testcase classname="dataDrivenTC.postEmployee" name="postEmployeeMethod" time="0.410"/>
  <system-out/>
  <testcase classname="dataDrivenTC.postEmployee" name="postEmployeeMethod" time="0.429"/>
  <system-out/>
  <testcase classname="dataDrivenTC.postEmployee" name="postEmployeeMethod" time="0.388"/>
  <system-out/>
  <testcase classname="dataDrivenTC.postEmployee" name="postEmployeeMethod" time="0.417"/>
  <system-out/>
</testsuite> <!-- dataDrivenTC.postEmployee -->
