<?xml version="1.0" encoding="UTF-8"?>
<!-- Generated by org.testng.reporters.JUnitReportReporter -->
<testsuite hostname="ALIYAPARVEEN" failures="0" tests="1" name="testCases.PostTest" time="2.617" errors="0" timestamp="2020-09-21T19:15:19 CDT" skipped="0">
  <testcase classname="testCases.PostTest" name="postTestMethod" time="2.617"/>
  <system-out/>
</testsuite> <!-- testCases.PostTest -->
